01:23:27.546 INFO - Selenium build info: version: '3.4.0', revision: 'unknown'
01:23:27.547 INFO - Launching a standalone Selenium Server
2017-08-01 01:23:27.565:INFO::main: Logging initialized @254ms to org.seleniumhq.jetty9.util.log.StdErrLog
01:23:27.622 INFO - Driver provider org.openqa.selenium.ie.InternetExplorerDriver registration is skipped:
 registration capabilities Capabilities [{ensureCleanSession=true, browserName=internet explorer, version=, platform=WINDOWS}] does not match the current platform MAC
01:23:27.622 INFO - Driver provider org.openqa.selenium.edge.EdgeDriver registration is skipped:
 registration capabilities Capabilities [{browserName=MicrosoftEdge, version=, platform=WINDOWS}] does not match the current platform MAC
01:23:27.622 INFO - Driver class not found: com.opera.core.systems.OperaDriver
01:23:27.622 INFO - Driver provider com.opera.core.systems.OperaDriver registration is skipped:
Unable to create new instances on this machine.
01:23:27.622 INFO - Driver class not found: com.opera.core.systems.OperaDriver
01:23:27.623 INFO - Driver provider com.opera.core.systems.OperaDriver is not registered
2017-08-01 01:23:27.663:INFO:osjs.Server:main: jetty-9.4.3.v20170317
2017-08-01 01:23:27.693:INFO:osjsh.ContextHandler:main: Started o.s.j.s.ServletContextHandler@59f99ea{/,null,AVAILABLE}
2017-08-01 01:23:27.725:INFO:osjs.AbstractConnector:main: Started ServerConnector@553f17c{HTTP/1.1,[http/1.1]}{0.0.0.0:4444}
2017-08-01 01:23:27.726:INFO:osjs.Server:main: Started @415ms
01:23:27.726 INFO - Selenium Server is up and running
01:23:27.936 INFO - SessionCleaner initialized with insideBrowserTimeout 0 and clientGoneTimeout 1800000 polling every 180000
01:23:27.962 INFO - Executing: [new session: Capabilities [{acceptSslCerts=true, fullscreen=true, name=Task List / Test, browserName=chrome, javascriptEnabled=true, platform=ANY}]])
01:23:27.981 INFO - Creating a new session for Capabilities [{acceptSslCerts=true, fullscreen=true, name=Task List / Test, browserName=chrome, javascriptEnabled=true, platform=ANY}]
Starting ChromeDriver 2.31.488774 (7e15618d1bf16df8bf0ecf2914ed1964a387ba0b) on port 12358
Only local connections are allowed.
01:23:29.627 INFO - Detected dialect: OSS
01:23:29.644 INFO - Done: [new session: Capabilities [{acceptSslCerts=true, fullscreen=true, name=Task List / Test, browserName=chrome, javascriptEnabled=true, platform=ANY}]]
01:23:29.659 INFO - Executing: [get: http://localhost:3001/])
01:23:30.393 INFO - Done: [get: http://localhost:3001/]
01:23:30.401 INFO - Executing: [find elements: By.cssSelector: .t-task-list])
01:23:30.437 INFO - Done: [find elements: By.cssSelector: .t-task-list]
01:23:30.444 INFO - Executing: [find elements: By.cssSelector: .t-task-item])
01:23:30.467 INFO - Done: [find elements: By.cssSelector: .t-task-item]
01:23:30.979 INFO - Executing: [find elements: By.cssSelector: .t-task-item])
01:23:30.990 INFO - Done: [find elements: By.cssSelector: .t-task-item]
01:23:30.996 INFO - Executing: [find elements: By.cssSelector: .t-task-item])
01:23:31.005 INFO - Done: [find elements: By.cssSelector: .t-task-item]
01:23:31.015 INFO - Executing: [find elements: By.cssSelector: #search-control-input])
01:23:31.034 INFO - Done: [find elements: By.cssSelector: #search-control-input]
01:23:31.039 INFO - Executing: [find element: By.cssSelector: .t-search-control-toggle])
01:23:31.058 INFO - Done: [find element: By.cssSelector: .t-search-control-toggle]
01:23:31.062 INFO - Executing: [click: 5 [[ChromeDriver: chrome on MAC (bbfcf09676a7da62dc845dc9df89cb1f)] -> css selector: .t-search-control-toggle]])
01:23:31.130 INFO - Done: [click: 5 [[ChromeDriver: chrome on MAC (bbfcf09676a7da62dc845dc9df89cb1f)] -> css selector: .t-search-control-toggle]]
01:23:31.133 INFO - Executing: [find element: By.cssSelector: #search-control-input])
01:23:31.154 INFO - Done: [find element: By.cssSelector: #search-control-input]
01:23:31.158 INFO - Executing: [send keys: 4 [[ChromeDriver: chrome on MAC (bbfcf09676a7da62dc845dc9df89cb1f)] -> css selector: #search-control-input], [s, t, u, b]])
01:23:31.294 INFO - Done: [send keys: 4 [[ChromeDriver: chrome on MAC (bbfcf09676a7da62dc845dc9df89cb1f)] -> css selector: #search-control-input], [s, t, u, b]]
01:23:31.297 INFO - Executing: [find elements: By.cssSelector: .t-task-item])
01:23:31.305 INFO - Done: [find elements: By.cssSelector: .t-task-item]
01:23:31.309 INFO - Executing: [find element: By.cssSelector: .t-search-control-clear])
01:23:31.329 INFO - Done: [find element: By.cssSelector: .t-search-control-clear]
01:23:31.332 INFO - Executing: [click: 6 [[ChromeDriver: chrome on MAC (bbfcf09676a7da62dc845dc9df89cb1f)] -> css selector: .t-search-control-clear]])
01:23:31.407 INFO - Done: [click: 6 [[ChromeDriver: chrome on MAC (bbfcf09676a7da62dc845dc9df89cb1f)] -> css selector: .t-search-control-clear]]
01:23:31.411 INFO - Executing: [find elements: By.cssSelector: .t-task-item])
01:23:31.420 INFO - Done: [find elements: By.cssSelector: .t-task-item]
01:23:31.430 INFO - Executing: [find elements: By.cssSelector: .t-task-item])
01:23:31.439 INFO - Done: [find elements: By.cssSelector: .t-task-item]
01:23:31.444 INFO - Executing: [find element: By.cssSelector: .t-task-item:nth-child(1)])
01:23:31.463 INFO - Done: [find element: By.cssSelector: .t-task-item:nth-child(1)]
01:23:31.466 INFO - Executing: [click: 7 [[ChromeDriver: chrome on MAC (bbfcf09676a7da62dc845dc9df89cb1f)] -> css selector: .t-task-item]])
01:23:31.547 INFO - Done: [click: 7 [[ChromeDriver: chrome on MAC (bbfcf09676a7da62dc845dc9df89cb1f)] -> css selector: .t-task-item]]
01:23:31.551 INFO - Executing: [find elements: By.cssSelector: .t-bar-title])
01:23:31.570 INFO - Done: [find elements: By.cssSelector: .t-bar-title]
01:23:31.573 INFO - Executing: [get text: 8 [[ChromeDriver: chrome on MAC (bbfcf09676a7da62dc845dc9df89cb1f)] -> css selector: .t-bar-title]])
01:23:31.595 INFO - Done: [get text: 8 [[ChromeDriver: chrome on MAC (bbfcf09676a7da62dc845dc9df89cb1f)] -> css selector: .t-bar-title]]
01:23:31.600 INFO - Executing: [find elements: By.cssSelector: .t-bar-delete-task])
01:23:31.620 INFO - Done: [find elements: By.cssSelector: .t-bar-delete-task]
01:23:31.625 INFO - Executing: [find elements: By.cssSelector: .t-bar-edit-button])
01:23:31.644 INFO - Done: [find elements: By.cssSelector: .t-bar-edit-button]
01:23:31.648 INFO - Executing: [find element: By.cssSelector: .t-bar-delete-task])
01:23:31.668 INFO - Done: [find element: By.cssSelector: .t-bar-delete-task]
01:23:31.671 INFO - Executing: [click: 9 [[ChromeDriver: chrome on MAC (bbfcf09676a7da62dc845dc9df89cb1f)] -> css selector: .t-bar-delete-task]])
01:23:31.730 INFO - Done: [click: 9 [[ChromeDriver: chrome on MAC (bbfcf09676a7da62dc845dc9df89cb1f)] -> css selector: .t-bar-delete-task]]
01:23:31.734 INFO - Executing: [find elements: By.cssSelector: .t-modal-delete-task])
01:23:31.763 INFO - Done: [find elements: By.cssSelector: .t-modal-delete-task]
01:23:31.767 INFO - Executing: [find element: By.cssSelector: .t-modal-delete-task])
01:23:31.787 INFO - Done: [find element: By.cssSelector: .t-modal-delete-task]
01:23:31.793 INFO - Executing: [click: 11 [[ChromeDriver: chrome on MAC (bbfcf09676a7da62dc845dc9df89cb1f)] -> css selector: .t-modal-delete-task]])
01:23:31.862 INFO - Done: [click: 11 [[ChromeDriver: chrome on MAC (bbfcf09676a7da62dc845dc9df89cb1f)] -> css selector: .t-modal-delete-task]]
01:23:31.866 INFO - Executing: [find elements: By.cssSelector: .t-snack-delete-task])
01:23:31.906 INFO - Done: [find elements: By.cssSelector: .t-snack-delete-task]
01:23:31.910 INFO - Executing: [find elements: By.cssSelector: .t-task-item])
01:23:31.923 INFO - Done: [find elements: By.cssSelector: .t-task-item]
01:23:31.928 INFO - Executing: [find element: By.cssSelector: .t-snack-delete-task button])
01:23:31.948 INFO - Done: [find element: By.cssSelector: .t-snack-delete-task button]
01:23:31.951 INFO - Executing: [click: 13 [[ChromeDriver: chrome on MAC (bbfcf09676a7da62dc845dc9df89cb1f)] -> css selector: .t-snack-delete-task button]])
01:23:32.002 INFO - Done: [click: 13 [[ChromeDriver: chrome on MAC (bbfcf09676a7da62dc845dc9df89cb1f)] -> css selector: .t-snack-delete-task button]]
01:23:32.006 INFO - Executing: [find elements: By.cssSelector: .t-task-item])
01:23:32.032 INFO - Done: [find elements: By.cssSelector: .t-task-item]
01:23:32.039 INFO - Executing: [delete session: 89ab9c4d-96a8-40a7-b673-130cf334a1a9])
01:23:32.167 INFO - Done: [delete session: 89ab9c4d-96a8-40a7-b673-130cf334a1a9]
